<!DOCTYPE html PUBLIC "-//W3C//DTD XHTML 1.1//EN" "http://www.w3.org/TR/xhtml11/DTD/xhtml11.dtd">
<html xmlns="http://www.w3.org/1999/xhtml">
<head>
<meta http-equiv="content-type" content="text/html; charset=UTF-8"/>
<title>TestNG Report</title>
<style type="text/css">table {margin-bottom:10px;border-collapse:collapse;empty-cells:show}th,td {border:1px solid #009;padding:.25em .5em}th {vertical-align:bottom}td {vertical-align:top}table a {font-weight:bold}.stripe td {background-color: #E6EBF9}.num {text-align:right}.passedodd td {background-color: #3F3}.passedeven td {background-color: #0A0}.skippedodd td {background-color: #DDD}.skippedeven td {background-color: #CCC}.failedodd td,.attn {background-color: #F33}.failedeven td,.stripe .attn {background-color: #D00}.stacktrace {white-space:pre;font-family:monospace}.totop {font-size:85%;text-align:center;border-bottom:2px solid #000}.invisible {display:none}</style>
</head>
<body>
<table>
<tr><th>Test</th><th># Passed</th><th># Skipped</th><th># Retried</th><th># Failed</th><th>Time (ms)</th><th>Included Groups</th><th>Excluded Groups</th></tr>
<tr><th colspan="7">Data Driven Basics</th></tr>
<tr><td><a href="#t0">Bank Manager Login Test</a></td><td class="num">0</td><td class="num">0</td><td class="num">0</td><td class="num attn">1</td><td class="num">563</td><td></td><td></td></tr>
<tr class="stripe"><td><a href="#t1">Add Customer Test</a></td><td class="num">0</td><td class="num">0</td><td class="num">0</td><td class="num attn">1</td><td class="num">10,312</td><td></td><td></td></tr>
<tr><th>Total</th><th class="num">0</th><th class="num">0</th><th class="num">0</th><th class="num attn">2</th><th class="num">10,875</th><th colspan="2"></th></tr>
</table>
<table id='summary'><thead><tr><th>Class</th><th>Method</th><th>Start</th><th>Time (ms)</th></tr></thead><tbody><tr><th colspan="4">Data Driven Basics</th></tr></tbody><tbody id="t0"><tr><th colspan="4">Bank Manager Login Test &#8212; failed</th></tr><tr class="failedeven"><td rowspan="1">com.w2a.testcases.BankManagerLoginTest</td><td><a href="#m0">loginAsBankManager</a></td><td rowspan="1">1636570178988</td><td rowspan="1">7</td></tr></tbody>
<tbody id="t1"><tr><th colspan="4">Add Customer Test &#8212; failed</th></tr><tr class="failedeven"><td rowspan="1">com.w2a.testcases.AddCustomerTest</td><td><a href="#m1">addCustomerTest</a></td><td rowspan="1">1636570179575</td><td rowspan="1">10069</td></tr></tbody>
</table>
<h2>Bank Manager Login Test</h2><h3 id="m0">com.w2a.testcases.BankManagerLoginTest#loginAsBankManager</h3><table class="result"><tr><th>Messages</th></tr><tr><td><div class="messages"><a target ="_blank" href=Thu_Nov_11_00_19_39_IST_2021.jpg>Screenshot</a><br/><br><br/><a target ="_blank" href=Thu_Nov_11_00_19_39_IST_2021.jpg><img src=Thu_Nov_11_00_19_39_IST_2021.jpg height=300 width=300></img></a></div></td></tr><tr><th>Exception</th></tr><tr><td><div class="stacktrace">java.lang.AssertionError: expected [xyz] but found [abc]
	at com.w2a.testcases.BankManagerLoginTest.loginAsBankManager(BankManagerLoginTest.java:15)
	at java.util.ArrayList.forEach(ArrayList.java:1234)
... Removed 36 stack frames</div></td></tr></table><p class="totop"><a href="#summary">back to summary</a></p>
<h2>Add Customer Test</h2><h3 id="m1">com.w2a.testcases.AddCustomerTest#addCustomerTest</h3><table class="result"><tr class="param"><th>Parameter #1</th><th>Parameter #2</th><th>Parameter #3</th><th>Parameter #4</th></tr><tr class="param stripe"><td>Mukesh</td><td>Ambani</td><td>411223.0</td><td>Customer added successfully</td></tr><tr><th colspan="4">Messages</th></tr><tr><td colspan="4"><div class="messages"><a target ="_blank" href=Thu_Nov_11_00_19_49_IST_2021.jpg>Screenshot</a><br/><br><br/><a target ="_blank" href=Thu_Nov_11_00_19_49_IST_2021.jpg><img src=Thu_Nov_11_00_19_49_IST_2021.jpg height=300 width=300></img></a></div></td></tr><tr><th colspan="4">Exception</th></tr><tr><td colspan="4"><div class="stacktrace">org.openqa.selenium.NoSuchElementException: no such element: Unable to locate element: {&quot;method&quot;:&quot;css selector&quot;,&quot;selector&quot;:&quot;button[ng-class=&apos;btnClass1&apos;]&quot;}
  (Session info: chrome=95.0.4638.69)
For documentation on this error, please visit: https://www.seleniumhq.org/exceptions/no_such_element.html
Build info: version: &apos;3.141.59&apos;, revision: &apos;e82be7d358&apos;, time: &apos;2018-11-14T08:17:03&apos;
System info: host: &apos;DESKTOP-O391UBK&apos;, ip: &apos;192.168.43.129&apos;, os.name: &apos;Windows 8.1&apos;, os.arch: &apos;amd64&apos;, os.version: &apos;6.3&apos;, java.version: &apos;1.8.0_11&apos;
Driver info: org.openqa.selenium.chrome.ChromeDriver
Capabilities {acceptInsecureCerts: false, browserName: chrome, browserVersion: 95.0.4638.69, chrome: {chromedriverVersion: 95.0.4638.17 (a9d0719444d4b..., userDataDir: C:\Users\Shree\AppData\Loca...}, goog:chromeOptions: {debuggerAddress: localhost:52276}, javascriptEnabled: true, networkConnectionEnabled: false, pageLoadStrategy: normal, platform: WINDOWS, platformName: WINDOWS, proxy: Proxy(), setWindowRect: true, strictFileInteractability: false, timeouts: {implicit: 0, pageLoad: 300000, script: 30000}, unhandledPromptBehavior: dismiss and notify, webauthn:extension:credBlob: true, webauthn:extension:largeBlob: true, webauthn:virtualAuthenticators: true}
Session ID: c7e7f4c588857a20963f073f6806ffc6
*** Element info: {Using=css selector, value=button[ng-class=&apos;btnClass1&apos;]}
	at org.openqa.selenium.remote.http.W3CHttpResponseCodec.createException(W3CHttpResponseCodec.java:187)
	at org.openqa.selenium.remote.http.W3CHttpResponseCodec.decode(W3CHttpResponseCodec.java:122)
	at org.openqa.selenium.remote.http.W3CHttpResponseCodec.decode(W3CHttpResponseCodec.java:49)
	at org.openqa.selenium.remote.HttpCommandExecutor.execute(HttpCommandExecutor.java:158)
	at org.openqa.selenium.remote.service.DriverCommandExecutor.execute(DriverCommandExecutor.java:83)
	at org.openqa.selenium.remote.RemoteWebDriver.execute(RemoteWebDriver.java:552)
	at org.openqa.selenium.remote.RemoteWebDriver.findElement(RemoteWebDriver.java:323)
	at org.openqa.selenium.remote.RemoteWebDriver.findElementByCssSelector(RemoteWebDriver.java:420)
	at org.openqa.selenium.By$ByCssSelector.findElement(By.java:431)
	at org.openqa.selenium.remote.RemoteWebDriver.findElement(RemoteWebDriver.java:315)
	at com.w2a.base.TestBase.click(TestBase.java:118)
	at com.w2a.testcases.AddCustomerTest.addCustomerTest(AddCustomerTest.java:18)
	at java.util.ArrayList.forEach(ArrayList.java:1234)
... Removed 35 stack frames</div></td></tr></table><p class="totop"><a href="#summary">back to summary</a></p>
</body>
</html>
